\BOOKMARK [1][-]{section*.2}{List of Figures}{}% 1
\BOOKMARK [1][-]{section*.4}{List of Tables}{}% 2
\BOOKMARK [1][-]{section*.6}{List of Algorithms}{}% 3
\BOOKMARK [0][-]{chapter.1}{Introduction}{}% 4
\BOOKMARK [0][-]{chapter.2}{Background}{}% 5
\BOOKMARK [1][-]{section.2.1}{Preliminaries}{chapter.2}% 6
\BOOKMARK [1][-]{section.2.2}{Criteria}{chapter.2}% 7
\BOOKMARK [1][-]{section.2.3}{Original algorithm}{chapter.2}% 8
\BOOKMARK [2][-]{subsection.2.3.1}{Original Phase I \(Analyse\)}{section.2.3}% 9
\BOOKMARK [2][-]{subsection.2.3.2}{Original Phase II \(Generate\)}{section.2.3}% 10
\BOOKMARK [0][-]{chapter.3}{Project Algorithm}{}% 11
\BOOKMARK [1][-]{section.3.1}{Similarities}{chapter.3}% 12
\BOOKMARK [2][-]{subsection.3.1.1}{Project Phase I \(Analyse\)}{section.3.1}% 13
\BOOKMARK [2][-]{subsection.3.1.2}{Project Phase II \(Generate\)}{section.3.1}% 14
\BOOKMARK [1][-]{section.3.2}{Differences}{chapter.3}% 15
\BOOKMARK [2][-]{subsection.3.2.1}{Project Phase I \(Analyse\)}{section.3.2}% 16
\BOOKMARK [2][-]{subsection.3.2.2}{Project Phase II \(Generate\)}{section.3.2}% 17
\BOOKMARK [1][-]{section.3.3}{Final Construction}{chapter.3}% 18
\BOOKMARK [0][-]{chapter.4}{Implementation}{}% 19
\BOOKMARK [1][-]{section.4.1}{Structure}{chapter.4}% 20
\BOOKMARK [2][-]{subsection.4.1.1}{Phase I Scan}{section.4.1}% 21
\BOOKMARK [2][-]{subsection.4.1.2}{Phase II Analyse}{section.4.1}% 22
