This is pdfTeX, Version 3.14159265-2.6-1.40.16 (TeX Live 2015/Debian) (preloaded format=pdflatex 2016.8.10)  9 SEP 2016 20:34
entering extended mode
 restricted \write18 enabled.
 %&-line parsing enabled.
**algorithm1.tex
(./algorithm1.tex
LaTeX2e <2016/02/01>
Babel <3.9q> and hyphenation patterns for 81 language(s) loaded.

! LaTeX Error: Environment SgAlgorithm undefined.

See the LaTeX manual or LaTeX Companion for explanation.
Type  H <return>  for immediate help.
 ...                                              
                                                  
l.1 \begin{SgAlgorithm}
                       [t]
Your command was ignored.
Type  I <command> <return>  to replace it with another command,
or  <return>  to continue without it.


! LaTeX Error: Missing \begin{document}.

See the LaTeX manual or LaTeX Companion for explanation.
Type  H <return>  for immediate help.
 ...                                              
                                                  
l.1 \begin{SgAlgorithm}[
                        t]
You're in trouble here.  Try typing  <return>  to proceed.
If that doesn't work, type  X <return>  to quit.

Missing character: There is no [ in font nullfont!
Missing character: There is no t in font nullfont!
Missing character: There is no ] in font nullfont!
! Undefined control sequence.
l.2     \SetKwInOut
                   {Input}{Input}
The control sequence at the end of the top line
of your error message was never \def'ed. If you have
misspelled it (e.g., `\hobx'), type `I' and the correct
spelling (e.g., `I\hbox'). Otherwise just continue,
and I'll forget about whatever was undefined.

Missing character: There is no I in font nullfont!
Missing character: There is no n in font nullfont!
Missing character: There is no p in font nullfont!
Missing character: There is no u in font nullfont!
Missing character: There is no t in font nullfont!
Missing character: There is no I in font nullfont!
Missing character: There is no n in font nullfont!
Missing character: There is no p in font nullfont!
Missing character: There is no u in font nullfont!
Missing character: There is no t in font nullfont!
! Undefined control sequence.
l.3     \SetKwInOut
                   {Output}{Output}
The control sequence at the end of the top line
of your error message was never \def'ed. If you have
misspelled it (e.g., `\hobx'), type `I' and the correct
spelling (e.g., `I\hbox'). Otherwise just continue,
and I'll forget about whatever was undefined.

Missing character: There is no O in font nullfont!
Missing character: There is no u in font nullfont!
Missing character: There is no t in font nullfont!
Missing character: There is no p in font nullfont!
Missing character: There is no u in font nullfont!
Missing character: There is no t in font nullfont!
Missing character: There is no O in font nullfont!
Missing character: There is no u in font nullfont!
Missing character: There is no t in font nullfont!
Missing character: There is no p in font nullfont!
Missing character: There is no u in font nullfont!
Missing character: There is no t in font nullfont!

Overfull \hbox (20.0pt too wide) in paragraph at lines 1--4
[]
 []

! Undefined control sequence.
l.5     \Input
              {$T(A_1, A_2, A_3,..A_m, C)$, where $A_{j,m}$ as $1 \leq j \le...
The control sequence at the end of the top line
of your error message was never \def'ed. If you have
misspelled it (e.g., `\hobx'), type `I' and the correct
spelling (e.g., `I\hbox'). Otherwise just continue,
and I'll forget about whatever was undefined.


! LaTeX Error: Missing \begin{document}.

See the LaTeX manual or LaTeX Companion for explanation.
Type  H <return>  for immediate help.
 ...                                              
                                                  
l.5     \Input{$
                T(A_1, A_2, A_3,..A_m, C)$, where $A_{j,m}$ as $1 \leq j \le...

You're in trouble here.  Try typing  <return>  to proceed.
If that doesn't work, type  X <return>  to quit.

LaTeX Font Info:    External font `cmex10' loaded for size
(Font)              <7> on input line 5.
LaTeX Font Info:    External font `cmex10' loaded for size
(Font)              <5> on input line 5.
Missing character: There is no , in font nullfont!
Missing character: There is no w in font nullfont!
Missing character: There is no h in font nullfont!
Missing character: There is no e in font nullfont!
Missing character: There is no r in font nullfont!
Missing character: There is no e in font nullfont!
Missing character: There is no a in font nullfont!
Missing character: There is no s in font nullfont!
Missing character: There is no i in font nullfont!
Missing character: There is no s in font nullfont!
Missing character: There is no n in font nullfont!
Missing character: There is no u in font nullfont!
Missing character: There is no m in font nullfont!
Missing character: There is no e in font nullfont!
Missing character: There is no r in font nullfont!
Missing character: There is no i in font nullfont!
Missing character: There is no c in font nullfont!
Missing character: There is no a in font nullfont!
Missing character: There is no l in font nullfont!
Missing character: There is no a in font nullfont!
Missing character: There is no n in font nullfont!
Missing character: There is no d in font nullfont!
Missing character: There is no i in font nullfont!
Missing character: There is no s in font nullfont!
Missing character: There is no c in font nullfont!
Missing character: There is no a in font nullfont!
Missing character: There is no t in font nullfont!
Missing character: There is no e in font nullfont!
Missing character: There is no g in font nullfont!
Missing character: There is no o in font nullfont!
Missing character: There is no r in font nullfont!
Missing character: There is no i in font nullfont!
Missing character: There is no c in font nullfont!
Missing character: There is no a in font nullfont!
Missing character: There is no l in font nullfont!
Missing character: There is no . in font nullfont!
! Undefined control sequence.
l.6     \Output
               {$R$, a set of range-based classification rules.}
The control sequence at the end of the top line
of your error message was never \def'ed. If you have
misspelled it (e.g., `\hobx'), type `I' and the correct
spelling (e.g., `I\hbox'). Otherwise just continue,
and I'll forget about whatever was undefined.

Missing character: There is no , in font nullfont!
Missing character: There is no a in font nullfont!
Missing character: There is no s in font nullfont!
Missing character: There is no e in font nullfont!
Missing character: There is no t in font nullfont!
Missing character: There is no o in font nullfont!
Missing character: There is no f in font nullfont!
Missing character: There is no r in font nullfont!
Missing character: There is no a in font nullfont!
Missing character: There is no n in font nullfont!
Missing character: There is no g in font nullfont!
Missing character: There is no e in font nullfont!
Missing character: There is no - in font nullfont!
Missing character: There is no b in font nullfont!
Missing character: There is no a in font nullfont!
Missing character: There is no s in font nullfont!
Missing character: There is no e in font nullfont!
Missing character: There is no d in font nullfont!
Missing character: There is no c in font nullfont!
Missing character: There is no l in font nullfont!
Missing character: There is no a in font nullfont!
Missing character: There is no s in font nullfont!
Missing character: There is no s in font nullfont!
Missing character: There is no i in font nullfont!
Missing character: There is no f in font nullfont!
Missing character: There is no i in font nullfont!
Missing character: There is no c in font nullfont!
Missing character: There is no a in font nullfont!
Missing character: There is no t in font nullfont!
Missing character: There is no i in font nullfont!
Missing character: There is no o in font nullfont!
Missing character: There is no n in font nullfont!
Missing character: There is no r in font nullfont!
Missing character: There is no u in font nullfont!
Missing character: There is no l in font nullfont!
Missing character: There is no e in font nullfont!
Missing character: There is no s in font nullfont!
Missing character: There is no . in font nullfont!
! Undefined control sequence.
l.7     \ForEach
                {$c_j \in C$}{
The control sequence at the end of the top line
of your error message was never \def'ed. If you have
misspelled it (e.g., `\hobx'), type `I' and the correct
spelling (e.g., `I\hbox'). Otherwise just continue,
and I'll forget about whatever was undefined.

Missing character: There is no f in font nullfont!
Missing character: There is no r in font nullfont!
Missing character: There is no o in font nullfont!
Missing character: There is no m in font nullfont!
! Undefined control sequence.
l.9     	\For
             {$(k = 1, CR_k \neq \varnothing, k++)$}{
The control sequence at the end of the top line
of your error message was never \def'ed. If you have
misspelled it (e.g., `\hobx'), type `I' and the correct
spelling (e.g., `I\hbox'). Otherwise just continue,
and I'll forget about whatever was undefined.

! Undefined control sequence.
l.9     	\For{$(k = 1, CR_k \neq \varnothing
                                            , k++)$}{
The control sequence at the end of the top line
of your error message was never \def'ed. If you have
misspelled it (e.g., `\hobx'), type `I' and the correct
spelling (e.g., `I\hbox'). Otherwise just continue,
and I'll forget about whatever was undefined.

! Undefined control sequence.
l.10     		$LR_k \leftarrow \varnothing
                                       $
The control sequence at the end of the top line
of your error message was never \def'ed. If you have
misspelled it (e.g., `\hobx'), type `I' and the correct
spelling (e.g., `I\hbox'). Otherwise just continue,
and I'll forget about whatever was undefined.

! Undefined control sequence.
l.11     		\ForEach
                   {$cr \in CR_k$}{
The control sequence at the end of the top line
of your error message was never \def'ed. If you have
misspelled it (e.g., `\hobx'), type `I' and the correct
spelling (e.g., `I\hbox'). Otherwise just continue,
and I'll forget about whatever was undefined.

! Undefined control sequence.
l.13     			\ForEach
                    {$s \in S$}{
The control sequence at the end of the top line
of your error message was never \def'ed. If you have
misspelled it (e.g., `\hobx'), type `I' and the correct
spelling (e.g., `I\hbox'). Otherwise just continue,
and I'll forget about whatever was undefined.

! Undefined control sequence.
l.14     				\If
                {$\sigma(s) \geq \sigma_{min}$ \textbf{and} $\gamma(s) \geq ...
The control sequence at the end of the top line
of your error message was never \def'ed. If you have
misspelled it (e.g., `\hobx'), type `I' and the correct
spelling (e.g., `I\hbox'). Otherwise just continue,
and I'll forget about whatever was undefined.

! Undefined control sequence.
l.15 	    				\If
                 {$k = 1$}{
The control sequence at the end of the top line
of your error message was never \def'ed. If you have
misspelled it (e.g., `\hobx'), type `I' and the correct
spelling (e.g., `I\hbox'). Otherwise just continue,
and I'll forget about whatever was undefined.

! Undefined control sequence.
l.18     					\Else
                   {
The control sequence at the end of the top line
of your error message was never \def'ed. If you have
misspelled it (e.g., `\hobx'), type `I' and the correct
spelling (e.g., `I\hbox'). Otherwise just continue,
and I'll forget about whatever was undefined.

! Undefined control sequence.
l.19     						\If
                  {$\delta(s \Rightarrow c_j) \geq \delta_{min}$}{
The control sequence at the end of the top line
of your error message was never \def'ed. If you have
misspelled it (e.g., `\hobx'), type `I' and the correct
spelling (e.g., `I\hbox'). Otherwise just continue,
and I'll forget about whatever was undefined.

! Undefined control sequence.
l.27     	\Ret
              {$R$}
The control sequence at the end of the top line
of your error message was never \def'ed. If you have
misspelled it (e.g., `\hobx'), type `I' and the correct
spelling (e.g., `I\hbox'). Otherwise just continue,
and I'll forget about whatever was undefined.


Overfull \hbox (117.26073pt too wide) in paragraph at lines 5--29
[]$\OML/cmm/m/it/10 T\OT1/cmr/m/n/10 (\OML/cmm/m/it/10 A[]; A[]; A[]; ::A[]; C\
OT1/cmr/m/n/10 )$
 []


Overfull \hbox (20.75414pt too wide) in paragraph at lines 5--29
\OML/cmm/m/it/10 A[]$
 []


Overfull \hbox (15.55553pt too wide) in paragraph at lines 5--29
\OT1/cmr/m/n/10 1 \OMS/cmsy/m/n/10 ^^T
 []


Overfull \hbox (15.246pt too wide) in paragraph at lines 5--29
\OML/cmm/m/it/10 j \OMS/cmsy/m/n/10 ^^T
 []


Overfull \hbox (8.78014pt too wide) in paragraph at lines 5--29
\OML/cmm/m/it/10 m$
 []


Overfull \hbox (7.86249pt too wide) in paragraph at lines 5--29
\OML/cmm/m/it/10 C$
 []


Overfull \hbox (7.67015pt too wide) in paragraph at lines 5--29
\OML/cmm/m/it/10 R$
 []


Overfull \hbox (17.98552pt too wide) in paragraph at lines 5--29
\OML/cmm/m/it/10 c[] \OMS/cmsy/m/n/10 2
 []


Overfull \hbox (7.86249pt too wide) in paragraph at lines 5--29
\OML/cmm/m/it/10 C$
 []


Overfull \hbox (32.71924pt too wide) in paragraph at lines 5--29
\OML/cmm/m/it/10 CR[] \OMS/cmsy/m/n/10  
 []


Overfull \hbox (213.58252pt too wide) in paragraph at lines 5--29
\OT1/cmr/m/n/10 ([\OML/cmm/m/it/10 v[]; v[]\OT1/cmr/m/n/10 ][]\OML/cmm/m/it/10 
; \OT1/cmr/m/n/10 [\OML/cmm/m/it/10 v[]; v[]\OT1/cmr/m/n/10 ][]\OML/cmm/m/it/10
 ; :::\OT1/cmr/m/n/10 [\OML/cmm/m/it/10 v[]; v[]\OT1/cmr/m/n/10 ][])$
 []


Overfull \hbox (13.65335pt too wide) in paragraph at lines 5--29
\OML/cmm/m/it/10 T[]$
 []


Overfull \hbox (19.96526pt too wide) in paragraph at lines 5--29
\OT1/cmr/m/n/10 (\OML/cmm/m/it/10 k \OT1/cmr/m/n/10 =
 []


Overfull \hbox (40.37549pt too wide) in paragraph at lines 5--29
\OT1/cmr/m/n/10 1\OML/cmm/m/it/10 ; CR[] \OMS/cmsy/m/n/10 6\OT1/cmr/m/n/10 =
 []


Overfull \hbox (17.74306pt too wide) in paragraph at lines 5--29
\OML/cmm/m/it/10 ; k \OT1/cmr/m/n/10 +
 []


Overfull \hbox (11.6667pt too wide) in paragraph at lines 5--29
\OT1/cmr/m/n/10 +)$
 []


Overfull \hbox (32.09636pt too wide) in paragraph at lines 5--29
\OML/cmm/m/it/10 LR[] \OMS/cmsy/m/n/10  $
 []


Overfull \hbox (18.56133pt too wide) in paragraph at lines 5--29
\OML/cmm/m/it/10 cr \OMS/cmsy/m/n/10 2
 []


Overfull \hbox (20.37555pt too wide) in paragraph at lines 5--29
\OML/cmm/m/it/10 CR[]$
 []


Overfull \hbox (19.48604pt too wide) in paragraph at lines 5--29
\OML/cmm/m/it/10 S \OMS/cmsy/m/n/10  
 []


Overfull \hbox (67.88504pt too wide) in paragraph at lines 5--29
\OML/cmm/m/it/10 max[]um\OT1/cmr/m/n/10 (\OML/cmm/m/it/10 cr; c[]\OT1/cmr/m/n/1
0 )$
 []


Overfull \hbox (14.1319pt too wide) in paragraph at lines 5--29
\OML/cmm/m/it/10 s \OMS/cmsy/m/n/10 2
 []


Overfull \hbox (6.70831pt too wide) in paragraph at lines 5--29
\OML/cmm/m/it/10 S$
 []


Overfull \hbox (29.09372pt too wide) in paragraph at lines 5--29
\OML/cmm/m/it/10 ^^[\OT1/cmr/m/n/10 (\OML/cmm/m/it/10 s\OT1/cmr/m/n/10 ) \OMS/c
msy/m/n/10 ^^U
 []


Overfull \hbox (21.08286pt too wide) in paragraph at lines 5--29
\OML/cmm/m/it/10 ^^[[]$
 []


Overfull \hbox (18.36794pt too wide) in paragraph at lines 5--29
\OT1/cmr/bx/n/10 and
 []


Overfull \hbox (28.75366pt too wide) in paragraph at lines 5--29
\OML/cmm/m/it/10 ^^M\OT1/cmr/m/n/10 (\OML/cmm/m/it/10 s\OT1/cmr/m/n/10 ) \OMS/c
msy/m/n/10 ^^U
 []


Overfull \hbox (20.54604pt too wide) in paragraph at lines 5--29
\OML/cmm/m/it/10 ^^M[]$
 []


Overfull \hbox (16.07635pt too wide) in paragraph at lines 5--29
\OML/cmm/m/it/10 k \OT1/cmr/m/n/10 =
 []


Overfull \hbox (5.00002pt too wide) in paragraph at lines 5--29
\OT1/cmr/m/n/10 1$
 []


Overfull \hbox (32.09636pt too wide) in paragraph at lines 5--29
\OML/cmm/m/it/10 LR[] \OMS/cmsy/m/n/10  
 []


Overfull \hbox (25.98532pt too wide) in paragraph at lines 5--29
\OML/cmm/m/it/10 LR[] \OMS/cmsy/m/n/10 [
 []


Overfull \hbox (4.6875pt too wide) in paragraph at lines 5--29
\OML/cmm/m/it/10 s$
 []


Overfull \hbox (26.17703pt too wide) in paragraph at lines 5--29
\OML/cmm/m/it/10 ^^N\OT1/cmr/m/n/10 (\OML/cmm/m/it/10 s \OMS/cmsy/m/n/10 )
 []


Overfull \hbox (22.98553pt too wide) in paragraph at lines 5--29
\OML/cmm/m/it/10 c[]\OT1/cmr/m/n/10 ) \OMS/cmsy/m/n/10 ^^U
 []


Overfull \hbox (19.81317pt too wide) in paragraph at lines 5--29
\OML/cmm/m/it/10 ^^N[]$
 []


Overfull \hbox (20.44788pt too wide) in paragraph at lines 5--29
\OML/cmm/m/it/10 R \OMS/cmsy/m/n/10  
 []


Overfull \hbox (14.33684pt too wide) in paragraph at lines 5--29
\OML/cmm/m/it/10 R \OMS/cmsy/m/n/10 [
 []


Overfull \hbox (21.35413pt too wide) in paragraph at lines 5--29
\OT1/cmr/m/n/10 (\OML/cmm/m/it/10 s \OMS/cmsy/m/n/10 )
 []


Overfull \hbox (12.43002pt too wide) in paragraph at lines 5--29
\OML/cmm/m/it/10 c[]\OT1/cmr/m/n/10 )$
 []


Overfull \hbox (43.27832pt too wide) in paragraph at lines 5--29
\OML/cmm/m/it/10 CR[] \OMS/cmsy/m/n/10  
 []


Overfull \hbox (65.88242pt too wide) in paragraph at lines 5--29
\OML/cmm/m/it/10 generate\OT1/cmr/m/n/10 (\OML/cmm/m/it/10 LR[]\OT1/cmr/m/n/10 
)$
 []


Overfull \hbox (7.67015pt too wide) in paragraph at lines 5--29
\OML/cmm/m/it/10 R$
 []


! LaTeX Error: \caption outside float.

See the LaTeX manual or LaTeX Companion for explanation.
Type  H <return>  for immediate help.
 ...                                              
                                                  
l.30     \caption
                 [Project Algorithm Phase I Analyse]{Project Algorithm Phase...

You're in trouble here.  Try typing  <return>  to proceed.
If that doesn't work, type  X <return>  to quit.


! LaTeX Error: Missing \begin{document}.

See the LaTeX manual or LaTeX Companion for explanation.
Type  H <return>  for immediate help.
 ...                                              
                                                  
l.30     \caption[
                  Project Algorithm Phase I Analyse]{Project Algorithm Phase...

You're in trouble here.  Try typing  <return>  to proceed.
If that doesn't work, type  X <return>  to quit.

Missing character: There is no [ in font nullfont!
Missing character: There is no P in font nullfont!
Missing character: There is no r in font nullfont!
Missing character: There is no o in font nullfont!
Missing character: There is no j in font nullfont!
Missing character: There is no e in font nullfont!
Missing character: There is no c in font nullfont!
Missing character: There is no t in font nullfont!
Missing character: There is no A in font nullfont!
Missing character: There is no l in font nullfont!
Missing character: There is no g in font nullfont!
Missing character: There is no o in font nullfont!
Missing character: There is no r in font nullfont!
Missing character: There is no i in font nullfont!
Missing character: There is no t in font nullfont!
Missing character: There is no h in font nullfont!
Missing character: There is no m in font nullfont!
Missing character: There is no P in font nullfont!
Missing character: There is no h in font nullfont!
Missing character: There is no a in font nullfont!
Missing character: There is no s in font nullfont!
Missing character: There is no e in font nullfont!
Missing character: There is no I in font nullfont!
Missing character: There is no A in font nullfont!
Missing character: There is no n in font nullfont!
Missing character: There is no a in font nullfont!
Missing character: There is no l in font nullfont!
Missing character: There is no y in font nullfont!
Missing character: There is no s in font nullfont!
Missing character: There is no e in font nullfont!
Missing character: There is no ] in font nullfont!
Missing character: There is no P in font nullfont!
Missing character: There is no r in font nullfont!
Missing character: There is no o in font nullfont!
Missing character: There is no j in font nullfont!
Missing character: There is no e in font nullfont!
Missing character: There is no c in font nullfont!
Missing character: There is no t in font nullfont!
Missing character: There is no A in font nullfont!
Missing character: There is no l in font nullfont!
Missing character: There is no g in font nullfont!
Missing character: There is no o in font nullfont!
Missing character: There is no r in font nullfont!
Missing character: There is no i in font nullfont!
Missing character: There is no t in font nullfont!
Missing character: There is no h in font nullfont!
Missing character: There is no m in font nullfont!
Missing character: There is no P in font nullfont!
Missing character: There is no h in font nullfont!
Missing character: There is no a in font nullfont!
Missing character: There is no s in font nullfont!
Missing character: There is no e in font nullfont!
Missing character: There is no I in font nullfont!
Missing character: There is no A in font nullfont!
Missing character: There is no n in font nullfont!
Missing character: There is no a in font nullfont!
Missing character: There is no l in font nullfont!
Missing character: There is no y in font nullfont!
Missing character: There is no s in font nullfont!
Missing character: There is no e in font nullfont!

! LaTeX Error: \begin{document} ended by \end{SgAlgorithm}.

See the LaTeX manual or LaTeX Companion for explanation.
Type  H <return>  for immediate help.
 ...                                              
                                                  
l.32 \end{SgAlgorithm}
                      
Your command was ignored.
Type  I <command> <return>  to replace it with another command,
or  <return>  to continue without it.

! Missing } inserted.
<inserted text> 
                }
l.32 \end{SgAlgorithm}
                      
I've inserted something that you may have forgotten.
(See the <inserted text> above.)
With luck, this will get me unwedged. But if you
really didn't forget anything, try typing `2' now; then
my insertion and my current dilemma will both disappear.

)
! Emergency stop.
<*> algorithm1.tex
                  
*** (job aborted, no legal \end found)

 
Here is how much of TeX's memory you used:
 12 strings out of 493029
 224 string characters out of 6136234
 55087 words of memory out of 5000000
 3647 multiletter control sequences out of 15000+600000
 3948 words of font info for 15 fonts, out of 8000000 for 9000
 1141 hyphenation exceptions out of 8191
 18i,2n,12p,147b,79s stack positions out of 5000i,500n,10000p,200000b,80000s
!  ==> Fatal error occurred, no output PDF file produced!
